time="2024-05-26T12:57:57+03:00" level=info msg="create router" func="main.main()" file="app.go:16"
time="2024-05-26T12:57:57+03:00" level=info msg="register user handler" func="main.main()" file="app.go:18"
time="2024-05-26T14:29:18+03:00" level=info msg="create router" func="main.main()" file="app.go:17"
time="2024-05-26T14:29:18+03:00" level=info msg="get application configuration" func="techpoint/internal/config.GetConfig.func1()" file="config.go:25"
time="2024-05-26T14:29:18+03:00" level=info msg="register user handler" func="main.main()" file="app.go:22"
time="2024-05-26T14:29:18+03:00" level=info msg="start application" func="main.start()" file="app.go:31"
time="2024-05-26T16:14:48+03:00" level=info msg="create router" func="main.main()" file="app.go:20"
time="2024-05-26T16:14:48+03:00" level=info msg="get application configuration" func="techpoint/internal/config.GetConfig.func1()" file="config.go:25"
time="2024-05-26T16:14:48+03:00" level=info msg="register user handler" func="main.main()" file="app.go:25"
time="2024-05-26T16:14:48+03:00" level=info msg="start application" func="main.start()" file="app.go:34"
time="2024-05-26T16:14:48+03:00" level=info msg="listen tcp" func="main.start()" file="app.go:54"
time="2024-05-26T16:14:48+03:00" level=fatal msg="listen tcp: address 0.0.0.0, 10000: missing port in address" func="main.start()" file="app.go:59"
time="2024-05-26T16:16:50+03:00" level=info msg="create router" func="main.main()" file="app.go:20"
time="2024-05-26T16:16:50+03:00" level=info msg="get application configuration" func="techpoint/internal/config.GetConfig.func1()" file="config.go:25"
time="2024-05-26T16:16:50+03:00" level=info msg="register user handler" func="main.main()" file="app.go:25"
time="2024-05-26T16:16:50+03:00" level=info msg="start application" func="main.start()" file="app.go:34"
time="2024-05-26T16:16:50+03:00" level=info msg="listen tcp" func="main.start()" file="app.go:54"
time="2024-05-26T16:16:50+03:00" level=fatal msg="listen tcp: address 0.0.0.0, 10000: missing port in address" func="main.start()" file="app.go:59"
time="2024-05-26T16:18:25+03:00" level=info msg="create router" func="main.main()" file="app.go:20"
time="2024-05-26T16:18:25+03:00" level=info msg="get application configuration" func="techpoint/internal/config.GetConfig.func1()" file="config.go:25"
time="2024-05-26T16:18:25+03:00" level=info msg="register user handler" func="main.main()" file="app.go:25"
time="2024-05-26T16:18:25+03:00" level=info msg="start application" func="main.start()" file="app.go:34"
time="2024-05-26T16:18:25+03:00" level=info msg="listen tcp" func="main.start()" file="app.go:54"
time="2024-05-26T16:18:25+03:00" level=fatal msg="listen tcp: address 0.0.0.0, 10000: missing port in address" func="main.start()" file="app.go:59"
time="2024-05-26T16:18:43+03:00" level=info msg="create router" func="main.main()" file="app.go:20"
time="2024-05-26T16:18:43+03:00" level=info msg="get application configuration" func="techpoint/internal/config.GetConfig.func1()" file="config.go:25"
time="2024-05-26T16:18:43+03:00" level=info msg="register user handler" func="main.main()" file="app.go:25"
time="2024-05-26T16:18:43+03:00" level=info msg="start application" func="main.start()" file="app.go:34"
time="2024-05-26T16:18:43+03:00" level=info msg="listen tcp" func="main.start()" file="app.go:54"
time="2024-05-26T16:18:43+03:00" level=fatal msg="listen tcp: address 0.0.0.0, 10000: missing port in address" func="main.start()" file="app.go:59"
time="2024-05-26T16:20:58+03:00" level=info msg="create router" func="main.main()" file="app.go:20"
time="2024-05-26T16:20:58+03:00" level=info msg="get application configuration" func="techpoint/internal/config.GetConfig.func1()" file="config.go:25"
time="2024-05-26T16:20:58+03:00" level=info msg="register user handler" func="main.main()" file="app.go:25"
time="2024-05-26T16:20:58+03:00" level=info msg="start application" func="main.start()" file="app.go:34"
time="2024-05-26T16:20:58+03:00" level=info msg="listen tcp" func="main.start()" file="app.go:54"
time="2024-05-26T16:20:58+03:00" level=info msg="Server listen and serve on port 0.0.0.0:10000" func="main.start()" file="app.go:67"
time="2024-05-26T16:32:30+03:00" level=info msg="create router" func="main.main()" file="app.go:20"
time="2024-05-26T16:32:30+03:00" level=info msg="get application configuration" func="techpoint/internal/config.GetConfig.func1()" file="config.go:25"
time="2024-05-26T16:32:30+03:00" level=info msg="register user handler" func="main.main()" file="app.go:25"
time="2024-05-26T16:32:30+03:00" level=info msg="start application" func="main.start()" file="app.go:34"
time="2024-05-26T16:32:30+03:00" level=info msg="create socket" func="main.start()" file="app.go:44"
time="2024-05-26T16:32:30+03:00" level=debug msg="socket path: C:\\Users\\Dima\\AppData\\Local\\JetBrains\\GoLand2024.1\\tmp\\GoLand/app.sock" func="main.start()" file="app.go:46"
time="2024-05-26T16:32:30+03:00" level=info msg="listen unix socket" func="main.start()" file="app.go:48"
time="2024-05-26T16:32:30+03:00" level=info msg="Server listen and serve on port 127.0.0.1:8080" func="main.start()" file="app.go:67"
time="2024-05-26T16:39:52+03:00" level=info msg="create router" func="main.main()" file="app.go:20"
time="2024-05-26T16:39:52+03:00" level=info msg="get application configuration" func="techpoint/internal/config.GetConfig.func1()" file="config.go:25"
time="2024-05-26T16:39:52+03:00" level=info msg="register user handler" func="main.main()" file="app.go:25"
time="2024-05-26T16:39:52+03:00" level=info msg="start application" func="main.start()" file="app.go:34"
time="2024-05-26T16:39:52+03:00" level=info msg="detect app path" func="main.start()" file="app.go:40"
time="2024-05-26T16:39:52+03:00" level=info msg="create socket" func="main.start()" file="app.go:45"
time="2024-05-26T16:39:52+03:00" level=info msg="listen unix socket" func="main.start()" file="app.go:48"
time="2024-05-26T16:39:52+03:00" level=info msg="server is listening unix socket: C:\\Users\\Dima\\OneDrive\\Рабочий стол\\Учеба\\techpoint\\build/app.sock" func="main.start()" file="app.go:50"
time="2024-05-29T11:19:36+03:00" level=info msg="create router" func="main.main()" file="app.go:20"
time="2024-05-29T11:19:36+03:00" level=info msg="get application configuration" func="techpoint/internal/config.GetConfig.func1()" file="config.go:25"
time="2024-05-29T11:19:37+03:00" level=info msg="register user handler" func="main.main()" file="app.go:25"
time="2024-05-29T11:19:37+03:00" level=info msg="start application" func="main.start()" file="app.go:34"
time="2024-05-29T11:19:37+03:00" level=info msg="detect app path" func="main.start()" file="app.go:40"
time="2024-05-29T11:19:37+03:00" level=info msg="create socket" func="main.start()" file="app.go:45"
time="2024-05-29T11:19:37+03:00" level=info msg="listen unix socket" func="main.start()" file="app.go:48"
time="2024-05-29T11:19:37+03:00" level=info msg="server is listening unix socket: C:\\Users\\Dima\\OneDrive\\Рабочий стол\\Учеба\\techpoint\\build/app.sock" func="main.start()" file="app.go:50"
time="2024-05-29T11:19:37+03:00" level=fatal msg="listen unix C:\\Users\\Dima\\OneDrive\\Рабочий стол\\Учеба\\techpoint\\build/app.sock: bind: Only one usage of each socket address (protocol/network address/port) is normally permitted." func="main.start()" file="app.go:52"
time="2024-05-29T11:22:55+03:00" level=info msg="create router" func="main.main()" file="app.go:20"
time="2024-05-29T11:22:55+03:00" level=info msg="get application configuration" func="techpoint/internal/config.GetConfig.func1()" file="config.go:25"
time="2024-05-29T11:22:55+03:00" level=info msg="register user handler" func="main.main()" file="app.go:25"
time="2024-05-29T11:22:55+03:00" level=info msg="start application" func="main.start()" file="app.go:34"
time="2024-05-29T11:22:55+03:00" level=info msg="detect app path" func="main.start()" file="app.go:40"
time="2024-05-29T11:22:55+03:00" level=info msg="create socket" func="main.start()" file="app.go:45"
time="2024-05-29T11:22:55+03:00" level=info msg="listen unix socket" func="main.start()" file="app.go:48"
time="2024-05-29T11:22:55+03:00" level=info msg="server is listening unix socket: C:\\Users\\Dima\\OneDrive\\Рабочий стол\\Учеба\\techpoint\\build/app.sock" func="main.start()" file="app.go:50"
time="2024-05-29T11:28:04+03:00" level=info msg="create router" func="main.main()" file="app.go:20"
time="2024-05-29T11:28:04+03:00" level=info msg="get application configuration" func="techpoint/internal/config.GetConfig.func1()" file="config.go:25"
time="2024-05-29T11:28:04+03:00" level=info msg="register user handler" func="main.main()" file="app.go:25"
time="2024-05-29T11:28:04+03:00" level=info msg="start application" func="main.start()" file="app.go:34"
time="2024-05-29T11:28:04+03:00" level=info msg="detect app path" func="main.start()" file="app.go:40"
time="2024-05-29T11:28:04+03:00" level=info msg="create socket" func="main.start()" file="app.go:45"
time="2024-05-29T11:28:04+03:00" level=info msg="listen unix socket" func="main.start()" file="app.go:48"
time="2024-05-29T11:28:04+03:00" level=info msg="server is listening unix socket: C:\\Users\\Dima\\OneDrive\\Рабочий стол\\Учеба\\techpoint\\build/app.sock" func="main.start()" file="app.go:50"
time="2024-05-29T11:28:04+03:00" level=fatal msg="listen unix C:\\Users\\Dima\\OneDrive\\Рабочий стол\\Учеба\\techpoint\\build/app.sock: bind: Only one usage of each socket address (protocol/network address/port) is normally permitted." func="main.start()" file="app.go:52"
time="2024-05-29T11:28:08+03:00" level=info msg="create router" func="main.main()" file="app.go:20"
time="2024-05-29T11:28:08+03:00" level=info msg="get application configuration" func="techpoint/internal/config.GetConfig.func1()" file="config.go:25"
time="2024-05-29T11:28:08+03:00" level=info msg="register user handler" func="main.main()" file="app.go:25"
time="2024-05-29T11:28:08+03:00" level=info msg="start application" func="main.start()" file="app.go:34"
time="2024-05-29T11:28:08+03:00" level=info msg="detect app path" func="main.start()" file="app.go:40"
time="2024-05-29T11:28:08+03:00" level=info msg="create socket" func="main.start()" file="app.go:45"
time="2024-05-29T11:28:08+03:00" level=info msg="listen unix socket" func="main.start()" file="app.go:48"
time="2024-05-29T11:28:08+03:00" level=info msg="server is listening unix socket: C:\\Users\\Dima\\OneDrive\\Рабочий стол\\Учеба\\techpoint\\build/app.sock" func="main.start()" file="app.go:50"
time="2024-05-29T11:28:08+03:00" level=fatal msg="listen unix C:\\Users\\Dima\\OneDrive\\Рабочий стол\\Учеба\\techpoint\\build/app.sock: bind: Only one usage of each socket address (protocol/network address/port) is normally permitted." func="main.start()" file="app.go:52"
time="2024-05-29T11:28:24+03:00" level=info msg="create router" func="main.main()" file="app.go:20"
time="2024-05-29T11:28:24+03:00" level=info msg="get application configuration" func="techpoint/internal/config.GetConfig.func1()" file="config.go:25"
time="2024-05-29T11:28:24+03:00" level=info msg="register user handler" func="main.main()" file="app.go:25"
time="2024-05-29T11:28:24+03:00" level=info msg="start application" func="main.start()" file="app.go:34"
time="2024-05-29T11:28:24+03:00" level=info msg="detect app path" func="main.start()" file="app.go:40"
time="2024-05-29T11:28:24+03:00" level=info msg="create socket" func="main.start()" file="app.go:45"
time="2024-05-29T11:28:24+03:00" level=info msg="listen unix socket" func="main.start()" file="app.go:48"
time="2024-05-29T11:28:24+03:00" level=info msg="server is listening unix socket: C:\\Users\\Dima\\OneDrive\\Рабочий стол\\Учеба\\techpoint\\build/app.sock" func="main.start()" file="app.go:50"
time="2024-05-29T16:18:54+03:00" level=info msg="create router" func="main.main()" file="app.go:20"
time="2024-05-29T16:18:54+03:00" level=info msg="get application configuration" func="techpoint/internal/config.GetConfig.func1()" file="config.go:25"
time="2024-05-29T16:18:54+03:00" level=info msg="register user handler" func="main.main()" file="app.go:25"
time="2024-05-29T16:18:54+03:00" level=info msg="start application" func="main.start()" file="app.go:34"
time="2024-05-29T16:18:54+03:00" level=info msg="detect app path" func="main.start()" file="app.go:40"
time="2024-05-29T16:18:54+03:00" level=info msg="create socket" func="main.start()" file="app.go:45"
time="2024-05-29T16:18:54+03:00" level=info msg="listen unix socket" func="main.start()" file="app.go:48"
time="2024-05-29T16:18:54+03:00" level=info msg="server is listening unix socket: C:\\Users\\Dima\\OneDrive\\Рабочий стол\\Учеба\\techpoint\\build/app.sock" func="main.start()" file="app.go:50"
time="2024-05-29T16:25:38+03:00" level=info msg="create router" func="main.main()" file="app.go:20"
time="2024-05-29T16:25:38+03:00" level=info msg="get application configuration" func="techpoint/internal/config.GetConfig.func1()" file="config.go:25"
time="2024-05-29T16:25:38+03:00" level=info msg="register user handler" func="main.main()" file="app.go:25"
time="2024-05-29T16:25:38+03:00" level=info msg="start application" func="main.start()" file="app.go:34"
time="2024-05-29T16:25:38+03:00" level=info msg="detect app path" func="main.start()" file="app.go:40"
time="2024-05-29T16:25:38+03:00" level=info msg="create socket" func="main.start()" file="app.go:45"
time="2024-05-29T16:25:38+03:00" level=info msg="listen unix socket" func="main.start()" file="app.go:48"
time="2024-05-29T16:25:38+03:00" level=info msg="server is listening unix socket: C:\\Users\\Dima\\OneDrive\\Рабочий стол\\Учеба\\techpoint\\build/app.sock" func="main.start()" file="app.go:50"
time="2024-05-29T16:25:38+03:00" level=fatal msg="listen unix C:\\Users\\Dima\\OneDrive\\Рабочий стол\\Учеба\\techpoint\\build/app.sock: bind: Only one usage of each socket address (protocol/network address/port) is normally permitted." func="main.start()" file="app.go:52"
time="2024-05-29T16:25:59+03:00" level=info msg="create router" func="main.main()" file="app.go:20"
time="2024-05-29T16:25:59+03:00" level=info msg="get application configuration" func="techpoint/internal/config.GetConfig.func1()" file="config.go:25"
time="2024-05-29T16:25:59+03:00" level=info msg="register user handler" func="main.main()" file="app.go:25"
time="2024-05-29T16:25:59+03:00" level=info msg="start application" func="main.start()" file="app.go:34"
time="2024-05-29T16:25:59+03:00" level=info msg="detect app path" func="main.start()" file="app.go:40"
time="2024-05-29T16:25:59+03:00" level=info msg="create socket" func="main.start()" file="app.go:45"
time="2024-05-29T16:25:59+03:00" level=info msg="listen unix socket" func="main.start()" file="app.go:48"
time="2024-05-29T16:25:59+03:00" level=info msg="server is listening unix socket: C:\\Users\\Dima\\OneDrive\\Рабочий стол\\Учеба\\techpoint\\build/app.sock" func="main.start()" file="app.go:50"
time="2024-05-29T16:33:57+03:00" level=info msg="create router" func="main.main()" file="app.go:20"
time="2024-05-29T16:33:57+03:00" level=info msg="get application configuration" func="techpoint/internal/config.GetConfig.func1()" file="config.go:25"
time="2024-05-29T16:33:57+03:00" level=info msg="register user handler" func="main.main()" file="app.go:25"
time="2024-05-29T16:33:57+03:00" level=info msg="start application" func="main.start()" file="app.go:34"
time="2024-05-29T16:33:57+03:00" level=info msg="detect app path" func="main.start()" file="app.go:40"
time="2024-05-29T16:33:57+03:00" level=info msg="create socket" func="main.start()" file="app.go:45"
time="2024-05-29T16:33:57+03:00" level=info msg="listen unix socket" func="main.start()" file="app.go:48"
time="2024-05-29T16:33:57+03:00" level=info msg="server is listening unix socket: C:\\Users\\Dima\\OneDrive\\Рабочий стол\\Учеба\\techpoint\\build/app.sock" func="main.start()" file="app.go:50"
time="2024-05-29T16:36:16+03:00" level=info msg="create router" func="main.main()" file="app.go:20"
time="2024-05-29T16:36:16+03:00" level=info msg="get application configuration" func="techpoint/internal/config.GetConfig.func1()" file="config.go:25"
time="2024-05-29T16:36:16+03:00" level=info msg="register user handler" func="main.main()" file="app.go:25"
time="2024-05-29T16:36:16+03:00" level=info msg="start application" func="main.start()" file="app.go:34"
time="2024-05-29T16:36:16+03:00" level=info msg="detect app path" func="main.start()" file="app.go:40"
time="2024-05-29T16:36:16+03:00" level=info msg="create socket" func="main.start()" file="app.go:45"
time="2024-05-29T16:36:16+03:00" level=info msg="listen unix socket" func="main.start()" file="app.go:48"
time="2024-05-29T16:36:16+03:00" level=info msg="server is listening unix socket: C:\\Users\\Dima\\OneDrive\\Рабочий стол\\Учеба\\techpoint\\build/app.sock" func="main.start()" file="app.go:50"
